Coordinator_Task    1       0       17      3                           
Protected_Counter   1       0       8       3                           
Region_Task         1       0       15      3                           
anytype             1       0       4       3                           
Decr                8       0       11      14                          
Incr                8       0       10      14                          
Initialize          8       0       9       14                          
Quit                8       0       13      14                          
Read                8       0       12      14                          
WakeWhenAllQuit     8       0       14      14                          
0                   9       0       1       0                           
1                   9       0       6       14                          
=                   9       0       6       14                          
0                   10      0       1       0                           
1                   10      0       6       14                          
=                   10      0       6       14                          
0                   11      0       1       0                           
1                   11      0       6       14                          
=                   11      0       6       14                          
0                   12      0       0       0                           
=                   12      0       6       14                          
0                   13      0       0       0                           
=                   13      0       6       14                          
0                   14      0       0       0                           
=                   14      0       6       14                          
1                   15      0       6       14                          
2                   15      0       6       14                          
SetParameter        15      0       16      14                          
0                   16      0       2       0                           
1                   16      0       6       14                          
2                   16      0       6       14                          
=                   16      0       6       14                          
Finish              17      0       20      14                          
KeepOnGoing         17      0       19      14                          
Wait                17      0       18      14                          
0                   18      0       0       0                           
=                   18      0       6       14                          
0                   19      0       0       0                           
=                   19      0       6       14                          
0                   20      0       0       0                           
=                   20      0       6       14                          
